Warning: --start is deprecated, use 'bd daemon start' instead
Error: daemon already running (PID 73609, version 0.47.1)
Use 'bd daemon --stop' to stop it first
[supervisor] daemon exited with error: exit status 1
[supervisor] restarting in 1s (attempt 1/5)
Warning: --start is deprecated, use 'bd daemon start' instead
Error: daemon already running (PID 73609, version 0.47.1)
Use 'bd daemon --stop' to stop it first
[supervisor] daemon exited with error: exit status 1
[supervisor] restarting in 2s (attempt 2/5)
Warning: --start is deprecated, use 'bd daemon start' instead
Error: daemon already running (PID 73609, version 0.47.1)
Use 'bd daemon --stop' to stop it first
[supervisor] daemon exited with error: exit status 1
[supervisor] restarting in 4s (attempt 3/5)
Warning: --start is deprecated, use 'bd daemon start' instead
Error: daemon already running (PID 73609, version 0.47.1)
Use 'bd daemon --stop' to stop it first
[supervisor] daemon exited with error: exit status 1
[supervisor] restarting in 8s (attempt 4/5)
Warning: --start is deprecated, use 'bd daemon start' instead
Error: daemon already running (PID 73609, version 0.47.1)
Use 'bd daemon --stop' to stop it first
[supervisor] daemon exited with error: exit status 1
[supervisor] restarting in 16s (attempt 5/5)
Warning: --start is deprecated, use 'bd daemon start' instead
Error: daemon already running (PID 73609, version 0.47.1)
Use 'bd daemon --stop' to stop it first
[supervisor] daemon exited with error: exit status 1
[supervisor] max restarts (5) exceeded, not restarting
